2026-02-19 18:10:50,146 - __main__ - INFO - **********Starting flights stubs**********
2026-02-19 18:10:50,146 - __main__ - INFO - Loading payloads from /home/daddy/apps/virt/k8s/apps/data_combo_service/data/biz/flights.csv
2026-02-19 18:10:50,797 - __main__ - INFO - Loaded 300102 rows
2026-02-19 18:10:50,797 - __main__ - INFO - Selecting (10,) random rows
2026-02-19 18:44:21,214 - __main__ - INFO - **********Starting flights stubs**********
2026-02-19 18:44:21,214 - __main__ - INFO - Loading payloads from /home/daddy/apps/virt/k8s/apps/data_combo_service/data/biz/flights.csv
2026-02-19 18:44:21,880 - __main__ - INFO - Loaded 300102 rows
2026-02-19 18:44:21,880 - __main__ - INFO - Selecting (10,) random rows
2026-02-19 18:45:21,925 - __main__ - INFO - **********Starting flights stubs**********
2026-02-19 18:45:21,925 - __main__ - INFO - Loading payloads from /home/daddy/apps/virt/k8s/apps/data_combo_service/data/biz/flights.csv
2026-02-19 18:45:22,575 - __main__ - INFO - Loaded 300102 rows
2026-02-19 18:45:22,575 - __main__ - INFO - Selecting 10 random rows
2026-02-19 18:50:00,474 - __main__ - INFO - **********Starting flights stubs**********
2026-02-19 18:50:00,474 - __main__ - INFO - Loading payloads from /home/daddy/apps/virt/k8s/apps/data_combo_service/data/biz/flights.csv
2026-02-19 18:50:01,114 - __main__ - INFO - Loaded 300102 rows
2026-02-19 18:50:01,115 - __main__ - INFO - Selecting 10 random rows
2026-02-19 18:50:01,115 - __main__ - INFO - Normalized batch to departure_date=2026-02-19 20:25, 
2026-02-19 18:50:01,136 - __main__ - INFO - Published message to Kafka topic 'rts_flights_topic': {'index': '58704', 'airline': 'Air_India', 'flight': 'AI-442', 'source_city': 'Mumbai', 'departure_time': 'Afternoon', 'stops': 'one', 'arrival_time': 'Morning', 'destination_city': 'Bangalore', 'class': 'Economy', 'duration': '17.33', 'days_left': '34', 'price': '6082', 'departure_date': '2026-02-19 20:25', 'flight_id': 1}
2026-02-19 18:50:01,136 - __main__ - INFO - Normalized batch to departure_date=2026-02-19 19:56, 
2026-02-19 18:50:01,137 - __main__ - ERROR - Failed to publish message to Kafka: KafkaError{code=TOPIC_AUTHORIZATION_FAILED,val=29,str="Unable to produce message: Broker: Topic authorization failed"}
2026-02-19 18:50:01,137 - __main__ - INFO - Normalized batch to departure_date=2026-02-19 20:38, 
2026-02-19 18:50:01,137 - __main__ - ERROR - Failed to publish message to Kafka: KafkaError{code=TOPIC_AUTHORIZATION_FAILED,val=29,str="Unable to produce message: Broker: Topic authorization failed"}
2026-02-19 18:50:01,137 - __main__ - INFO - Normalized batch to departure_date=2026-02-19 20:16, 
2026-02-19 18:50:01,137 - __main__ - ERROR - Failed to publish message to Kafka: KafkaError{code=TOPIC_AUTHORIZATION_FAILED,val=29,str="Unable to produce message: Broker: Topic authorization failed"}
2026-02-19 18:50:01,137 - __main__ - INFO - Normalized batch to departure_date=2026-02-19 20:55, 
2026-02-19 18:50:01,137 - __main__ - ERROR - Failed to publish message to Kafka: KafkaError{code=TOPIC_AUTHORIZATION_FAILED,val=29,str="Unable to produce message: Broker: Topic authorization failed"}
2026-02-19 18:50:01,137 - __main__ - INFO - Normalized batch to departure_date=2026-02-19 21:27, 
2026-02-19 18:50:01,137 - __main__ - ERROR - Failed to publish message to Kafka: KafkaError{code=TOPIC_AUTHORIZATION_FAILED,val=29,str="Unable to produce message: Broker: Topic authorization failed"}
2026-02-19 18:50:01,137 - __main__ - INFO - Normalized batch to departure_date=2026-02-19 20:04, 
2026-02-19 18:50:01,137 - __main__ - ERROR - Failed to publish message to Kafka: KafkaError{code=TOPIC_AUTHORIZATION_FAILED,val=29,str="Unable to produce message: Broker: Topic authorization failed"}
2026-02-19 18:50:01,137 - __main__ - INFO - Normalized batch to departure_date=2026-02-19 20:07, 
2026-02-19 18:50:01,137 - __main__ - ERROR - Failed to publish message to Kafka: KafkaError{code=TOPIC_AUTHORIZATION_FAILED,val=29,str="Unable to produce message: Broker: Topic authorization failed"}
2026-02-19 18:50:01,137 - __main__ - INFO - Normalized batch to departure_date=2026-02-19 20:19, 
2026-02-19 18:50:01,137 - __main__ - ERROR - Failed to publish message to Kafka: KafkaError{code=TOPIC_AUTHORIZATION_FAILED,val=29,str="Unable to produce message: Broker: Topic authorization failed"}
2026-02-19 18:50:01,137 - __main__ - INFO - Normalized batch to departure_date=2026-02-19 20:34, 
2026-02-19 18:50:01,137 - __main__ - ERROR - Failed to publish message to Kafka: KafkaError{code=TOPIC_AUTHORIZATION_FAILED,val=29,str="Unable to produce message: Broker: Topic authorization failed"}
2026-02-19 19:06:18,701 - __main__ - INFO - **********Starting flights stubs**********
2026-02-19 19:06:18,701 - __main__ - INFO - Loading payloads from /home/daddy/apps/virt/k8s/apps/data_combo_service/data/biz/flights.csv
2026-02-19 19:06:19,340 - __main__ - INFO - Loaded 300102 rows
2026-02-19 19:06:19,340 - __main__ - INFO - Selecting 10 random rows
2026-02-19 19:06:19,341 - __main__ - INFO - Normalized batch to departure_date=2026-02-19 21:25, 
2026-02-19 19:06:19,353 - __main__ - INFO - Published message to Kafka topic 'rts_flights_topic': {'index': '216408', 'airline': 'Vistara', 'flight': 'UK-953', 'source_city': 'Delhi', 'departure_time': 'Night', 'stops': 'one', 'arrival_time': 'Morning', 'destination_city': 'Kolkata', 'class': 'Business', 'duration': '13', 'days_left': '10', 'price': '61161', 'departure_date': '2026-02-19 21:25', 'flight_id': 1}
2026-02-19 19:06:19,353 - __main__ - INFO - Normalized batch to departure_date=2026-02-19 20:08, 
2026-02-19 19:06:19,353 - __main__ - ERROR - Failed to publish message to Kafka: KafkaError{code=TOPIC_AUTHORIZATION_FAILED,val=29,str="Unable to produce message: Broker: Topic authorization failed"}
2026-02-19 19:06:19,353 - __main__ - INFO - Normalized batch to departure_date=2026-02-19 21:41, 
2026-02-19 19:06:19,353 - __main__ - ERROR - Failed to publish message to Kafka: KafkaError{code=TOPIC_AUTHORIZATION_FAILED,val=29,str="Unable to produce message: Broker: Topic authorization failed"}
2026-02-19 19:06:19,353 - __main__ - INFO - Normalized batch to departure_date=2026-02-19 21:05, 
2026-02-19 19:06:19,353 - __main__ - ERROR - Failed to publish message to Kafka: KafkaError{code=TOPIC_AUTHORIZATION_FAILED,val=29,str="Unable to produce message: Broker: Topic authorization failed"}
2026-02-19 19:06:19,353 - __main__ - INFO - Normalized batch to departure_date=2026-02-19 20:54, 
2026-02-19 19:06:19,353 - __main__ - ERROR - Failed to publish message to Kafka: KafkaError{code=TOPIC_AUTHORIZATION_FAILED,val=29,str="Unable to produce message: Broker: Topic authorization failed"}
2026-02-19 19:06:19,353 - __main__ - INFO - Normalized batch to departure_date=2026-02-19 21:10, 
2026-02-19 19:06:19,353 - __main__ - ERROR - Failed to publish message to Kafka: KafkaError{code=TOPIC_AUTHORIZATION_FAILED,val=29,str="Unable to produce message: Broker: Topic authorization failed"}
2026-02-19 19:06:19,353 - __main__ - INFO - Normalized batch to departure_date=2026-02-19 21:50, 
2026-02-19 19:06:19,353 - __main__ - ERROR - Failed to publish message to Kafka: KafkaError{code=TOPIC_AUTHORIZATION_FAILED,val=29,str="Unable to produce message: Broker: Topic authorization failed"}
2026-02-19 19:06:19,353 - __main__ - INFO - Normalized batch to departure_date=2026-02-19 21:48, 
2026-02-19 19:06:19,353 - __main__ - ERROR - Failed to publish message to Kafka: KafkaError{code=TOPIC_AUTHORIZATION_FAILED,val=29,str="Unable to produce message: Broker: Topic authorization failed"}
2026-02-19 19:06:19,353 - __main__ - INFO - Normalized batch to departure_date=2026-02-19 21:41, 
2026-02-19 19:06:19,353 - __main__ - ERROR - Failed to publish message to Kafka: KafkaError{code=TOPIC_AUTHORIZATION_FAILED,val=29,str="Unable to produce message: Broker: Topic authorization failed"}
2026-02-19 19:06:19,353 - __main__ - INFO - Normalized batch to departure_date=2026-02-19 20:31, 
2026-02-19 19:06:19,353 - __main__ - ERROR - Failed to publish message to Kafka: KafkaError{code=TOPIC_AUTHORIZATION_FAILED,val=29,str="Unable to produce message: Broker: Topic authorization failed"}
2026-02-19 19:09:48,120 - __main__ - INFO - **********Starting flights stubs**********
2026-02-19 19:09:48,120 - __main__ - INFO - Loading payloads from /home/daddy/apps/virt/k8s/apps/data_combo_service/data/biz/flights.csv
2026-02-19 19:09:48,761 - __main__ - INFO - Loaded 300102 rows
2026-02-19 19:09:48,761 - __main__ - INFO - Selecting 10 random rows
2026-02-19 19:09:48,761 - __main__ - INFO - Normalized batch to departure_date=2026-02-19 21:43, 
2026-02-19 19:09:48,878 - __main__ - INFO - Published message to Kafka topic 'rts_flights_topic': {'index': '162254', 'airline': 'Vistara', 'flight': 'UK-898', 'source_city': 'Hyderabad', 'departure_time': 'Early_Morning', 'stops': 'one', 'arrival_time': 'Night', 'destination_city': 'Mumbai', 'class': 'Economy', 'duration': '12.58', 'days_left': '28', 'price': '3471', 'departure_date': '2026-02-19 21:43', 'flight_id': 1}
2026-02-19 19:09:48,878 - __main__ - INFO - Normalized batch to departure_date=2026-02-19 21:59, 
2026-02-19 19:09:48,880 - __main__ - INFO - Published message to Kafka topic 'rts_flights_topic': {'index': '70424', 'airline': 'GO_FIRST', 'flight': 'G8-382', 'source_city': 'Mumbai', 'departure_time': 'Afternoon', 'stops': 'one', 'arrival_time': 'Late_Night', 'destination_city': 'Hyderabad', 'class': 'Economy', 'duration': '8.83', 'days_left': '2', 'price': '10669', 'departure_date': '2026-02-19 21:59', 'flight_id': 2}
2026-02-19 19:09:48,880 - __main__ - INFO - Normalized batch to departure_date=2026-02-19 20:25, 
2026-02-19 19:09:48,881 - __main__ - INFO - Published message to Kafka topic 'rts_flights_topic': {'index': '114928', 'airline': 'Indigo', 'flight': '6E-6012', 'source_city': 'Bangalore', 'departure_time': 'Afternoon', 'stops': 'one', 'arrival_time': 'Night', 'destination_city': 'Hyderabad', 'class': 'Economy', 'duration': '6.58', 'days_left': '45', 'price': '1694', 'departure_date': '2026-02-19 20:25', 'flight_id': 3}
2026-02-19 19:09:48,881 - __main__ - INFO - Normalized batch to departure_date=2026-02-19 21:50, 
2026-02-19 19:09:48,882 - __main__ - INFO - Published message to Kafka topic 'rts_flights_topic': {'index': '278060', 'airline': 'Air_India', 'flight': 'AI-840', 'source_city': 'Hyderabad', 'departure_time': 'Night', 'stops': 'one', 'arrival_time': 'Morning', 'destination_city': 'Mumbai', 'class': 'Business', 'duration': '13.33', 'days_left': '15', 'price': '45883', 'departure_date': '2026-02-19 21:50', 'flight_id': 4}
2026-02-19 19:09:48,882 - __main__ - INFO - Normalized batch to departure_date=2026-02-19 21:58, 
2026-02-19 19:09:48,883 - __main__ - INFO - Published message to Kafka topic 'rts_flights_topic': {'index': '260636', 'airline': 'Air_India', 'flight': 'AI-505', 'source_city': 'Bangalore', 'departure_time': 'Morning', 'stops': 'one', 'arrival_time': 'Night', 'destination_city': 'Chennai', 'class': 'Business', 'duration': '13.17', 'days_left': '37', 'price': '60396', 'departure_date': '2026-02-19 21:58', 'flight_id': 5}
2026-02-19 19:09:48,883 - __main__ - INFO - Normalized batch to departure_date=2026-02-19 20:55, 
2026-02-19 19:09:48,885 - __main__ - INFO - Published message to Kafka topic 'rts_flights_topic': {'index': '208951', 'airline': 'Air_India', 'flight': 'AI-401', 'source_city': 'Delhi', 'departure_time': 'Early_Morning', 'stops': 'one', 'arrival_time': 'Night', 'destination_city': 'Mumbai', 'class': 'Business', 'duration': '13.25', 'days_left': '22', 'price': '59033', 'departure_date': '2026-02-19 20:55', 'flight_id': 6}
2026-02-19 19:09:48,885 - __main__ - INFO - Normalized batch to departure_date=2026-02-19 21:45, 
2026-02-19 19:09:48,886 - __main__ - INFO - Published message to Kafka topic 'rts_flights_topic': {'index': '203304', 'airline': 'Vistara', 'flight': 'UK-822', 'source_city': 'Chennai', 'departure_time': 'Morning', 'stops': 'one', 'arrival_time': 'Night', 'destination_city': 'Hyderabad', 'class': 'Economy', 'duration': '11.17', 'days_left': '10', 'price': '9373', 'departure_date': '2026-02-19 21:45', 'flight_id': 7}
2026-02-19 19:09:48,886 - __main__ - INFO - Normalized batch to departure_date=2026-02-19 20:09, 
2026-02-19 19:09:48,887 - __main__ - INFO - Published message to Kafka topic 'rts_flights_topic': {'index': '57649', 'airline': 'Vistara', 'flight': 'UK-944', 'source_city': 'Mumbai', 'departure_time': 'Afternoon', 'stops': 'one', 'arrival_time': 'Morning', 'destination_city': 'Bangalore', 'class': 'Economy', 'duration': '18', 'days_left': '28', 'price': '6450', 'departure_date': '2026-02-19 20:09', 'flight_id': 8}
2026-02-19 19:09:48,887 - __main__ - INFO - Normalized batch to departure_date=2026-02-19 20:47, 
2026-02-19 19:09:48,888 - __main__ - INFO - Published message to Kafka topic 'rts_flights_topic': {'index': '152751', 'airline': 'Air_India', 'flight': 'AI-9875', 'source_city': 'Hyderabad', 'departure_time': 'Morning', 'stops': 'one', 'arrival_time': 'Night', 'destination_city': 'Delhi', 'class': 'Economy', 'duration': '9.58', 'days_left': '4', 'price': '11488', 'departure_date': '2026-02-19 20:47', 'flight_id': 9}
2026-02-19 19:09:48,888 - __main__ - INFO - Normalized batch to departure_date=2026-02-19 21:07, 
2026-02-19 19:09:48,889 - __main__ - INFO - Published message to Kafka topic 'rts_flights_topic': {'index': '113234', 'airline': 'Vistara', 'flight': 'UK-810', 'source_city': 'Bangalore', 'departure_time': 'Early_Morning', 'stops': 'one', 'arrival_time': 'Evening', 'destination_city': 'Hyderabad', 'class': 'Economy', 'duration': '10', 'days_left': '31', 'price': '6892', 'departure_date': '2026-02-19 21:07', 'flight_id': 10}
2026-02-19 22:20:38,457 - __main__ - INFO - **********Starting flights stubs**********
2026-02-19 22:20:38,457 - __main__ - INFO - Loading payloads from /home/daddy/apps/virt/k8s/apps/data_combo_service/data/biz/flights.csv
2026-02-19 22:20:39,099 - __main__ - INFO - Loaded 300102 rows
2026-02-19 22:20:39,100 - __main__ - INFO - Selecting 10 random rows
2026-02-19 22:20:39,100 - __main__ - INFO - Normalized batch to departure_date=2026-02-20 00:16, 
2026-02-19 22:20:39,115 - __main__ - INFO - Published message to Kafka topic 'rts_flights_topic': {'index': '259960', 'airline': 'Air_India', 'flight': 'AI-804', 'source_city': 'Bangalore', 'departure_time': 'Early_Morning', 'stops': 'one', 'arrival_time': 'Evening', 'destination_city': 'Chennai', 'class': 'Business', 'duration': '12.83', 'days_left': '24', 'price': '60396', 'departure_date': '2026-02-20 00:16', 'flight_id': 1}
2026-02-19 22:20:39,116 - __main__ - INFO - Normalized batch to departure_date=2026-02-20 01:08, 
2026-02-19 22:20:39,116 - __main__ - INFO - Published message to Kafka topic 'rts_flights_topic': {'index': '155203', 'airline': 'GO_FIRST', 'flight': 'G8-123', 'source_city': 'Hyderabad', 'departure_time': 'Early_Morning', 'stops': 'one', 'arrival_time': 'Evening', 'destination_city': 'Delhi', 'class': 'Economy', 'duration': '10.83', 'days_left': '24', 'price': '6581', 'departure_date': '2026-02-20 01:08', 'flight_id': 2}
2026-02-19 22:20:39,116 - __main__ - INFO - Normalized batch to departure_date=2026-02-19 23:26, 
2026-02-19 22:20:39,117 - __main__ - INFO - Published message to Kafka topic 'rts_flights_topic': {'index': '287427', 'airline': 'Air_India', 'flight': 'AI-543', 'source_city': 'Hyderabad', 'departure_time': 'Morning', 'stops': 'one', 'arrival_time': 'Afternoon', 'destination_city': 'Chennai', 'class': 'Business', 'duration': '26.92', 'days_left': '45', 'price': '51595', 'departure_date': '2026-02-19 23:26', 'flight_id': 3}
2026-02-19 22:20:39,117 - __main__ - INFO - Normalized batch to departure_date=2026-02-20 00:30, 
2026-02-19 22:20:39,117 - __main__ - INFO - Published message to Kafka topic 'rts_flights_topic': {'index': '255751', 'airline': 'Vistara', 'flight': 'UK-802', 'source_city': 'Bangalore', 'departure_time': 'Evening', 'stops': 'one', 'arrival_time': 'Evening', 'destination_city': 'Kolkata', 'class': 'Business', 'duration': '23.25', 'days_left': '46', 'price': '60508', 'departure_date': '2026-02-20 00:30', 'flight_id': 4}
2026-02-19 22:20:39,117 - __main__ - INFO - Normalized batch to departure_date=2026-02-20 00:50, 
2026-02-19 22:20:39,118 - __main__ - INFO - Published message to Kafka topic 'rts_flights_topic': {'index': '66702', 'airline': 'Air_India', 'flight': 'AI-635', 'source_city': 'Mumbai', 'departure_time': 'Early_Morning', 'stops': 'one', 'arrival_time': 'Morning', 'destination_city': 'Kolkata', 'class': 'Economy', 'duration': '25', 'days_left': '30', 'price': '5685', 'departure_date': '2026-02-20 00:50', 'flight_id': 5}
2026-02-19 22:20:39,118 - __main__ - INFO - Normalized batch to departure_date=2026-02-19 23:50, 
2026-02-19 22:20:39,119 - __main__ - INFO - Published message to Kafka topic 'rts_flights_topic': {'index': '155474', 'airline': 'GO_FIRST', 'flight': 'G8-515', 'source_city': 'Hyderabad', 'departure_time': 'Morning', 'stops': 'one', 'arrival_time': 'Night', 'destination_city': 'Delhi', 'class': 'Economy', 'duration': '13', 'days_left': '26', 'price': '6132', 'departure_date': '2026-02-19 23:50', 'flight_id': 6}
2026-02-19 22:20:39,119 - __main__ - INFO - Normalized batch to departure_date=2026-02-19 23:52, 
2026-02-19 22:20:39,119 - __main__ - INFO - Published message to Kafka topic 'rts_flights_topic': {'index': '88217', 'airline': 'Indigo', 'flight': '6E-2053', 'source_city': 'Bangalore', 'departure_time': 'Night', 'stops': 'zero', 'arrival_time': 'Late_Night', 'destination_city': 'Delhi', 'class': 'Economy', 'duration': '2.92', 'days_left': '22', 'price': '4500', 'departure_date': '2026-02-19 23:52', 'flight_id': 7}
2026-02-19 22:20:39,119 - __main__ - INFO - Normalized batch to departure_date=2026-02-20 01:15, 
2026-02-19 22:20:39,120 - __main__ - INFO - Published message to Kafka topic 'rts_flights_topic': {'index': '295965', 'airline': 'Air_India', 'flight': 'AI-672', 'source_city': 'Chennai', 'departure_time': 'Afternoon', 'stops': 'one', 'arrival_time': 'Night', 'destination_city': 'Kolkata', 'class': 'Business', 'duration': '8.75', 'days_left': '3', 'price': '57777', 'departure_date': '2026-02-20 01:15', 'flight_id': 8}
2026-02-19 22:20:39,120 - __main__ - INFO - Normalized batch to departure_date=2026-02-20 00:11, 
2026-02-19 22:20:39,120 - __main__ - INFO - Published message to Kafka topic 'rts_flights_topic': {'index': '234961', 'airline': 'Vistara', 'flight': 'UK-944', 'source_city': 'Mumbai', 'departure_time': 'Afternoon', 'stops': 'one', 'arrival_time': 'Night', 'destination_city': 'Kolkata', 'class': 'Business', 'duration': '8.08', 'days_left': '12', 'price': '62045', 'departure_date': '2026-02-20 00:11', 'flight_id': 9}
2026-02-19 22:20:39,120 - __main__ - INFO - Normalized batch to departure_date=2026-02-20 01:06, 
2026-02-19 22:20:39,121 - __main__ - INFO - Published message to Kafka topic 'rts_flights_topic': {'index': '109316', 'airline': 'Vistara', 'flight': 'UK-866', 'source_city': 'Bangalore', 'departure_time': 'Night', 'stops': 'one', 'arrival_time': 'Morning', 'destination_city': 'Kolkata', 'class': 'Economy', 'duration': '12', 'days_left': '47', 'price': '6271', 'departure_date': '2026-02-20 01:06', 'flight_id': 10}
2026-02-19 22:31:51,672 - __main__ - INFO - **********Starting flights stubs**********
2026-02-19 22:31:51,672 - __main__ - INFO - Loading payloads from /home/daddy/apps/virt/k8s/apps/data_combo_service/data/biz/flights.csv
2026-02-19 22:31:52,318 - __main__ - INFO - Loaded 300102 rows
2026-02-19 22:31:52,318 - __main__ - INFO - Selecting 10 random rows
2026-02-19 22:31:52,318 - __main__ - INFO - Normalized batch to departure_date=2026-02-20 01:06, 
2026-02-19 22:31:52,331 - __main__ - INFO - Published message to Kafka topic 'rts_flights_topic': {'index': '129116', 'airline': 'GO_FIRST', 'flight': 'G8-227', 'source_city': 'Kolkata', 'departure_time': 'Early_Morning', 'stops': 'one', 'arrival_time': 'Evening', 'destination_city': 'Mumbai', 'class': 'Economy', 'duration': '11.58', 'days_left': '13', 'price': '7958', 'departure_date': '2026-02-20 01:06', 'flight_id': 1}
2026-02-19 22:31:52,331 - __main__ - INFO - Normalized batch to departure_date=2026-02-19 23:32, 
2026-02-19 22:31:52,331 - __main__ - INFO - Published message to Kafka topic 'rts_flights_topic': {'index': '190244', 'airline': 'Indigo', 'flight': '6E-489', 'source_city': 'Chennai', 'departure_time': 'Night', 'stops': 'one', 'arrival_time': 'Early_Morning', 'destination_city': 'Mumbai', 'class': 'Economy', 'duration': '9.33', 'days_left': '23', 'price': '2857', 'departure_date': '2026-02-19 23:32', 'flight_id': 2}
2026-02-19 22:31:52,331 - __main__ - INFO - Normalized batch to departure_date=2026-02-20 00:04, 
2026-02-19 22:31:52,332 - __main__ - INFO - Published message to Kafka topic 'rts_flights_topic': {'index': '117370', 'airline': 'AirAsia', 'flight': 'I5-1530', 'source_city': 'Bangalore', 'departure_time': 'Afternoon', 'stops': 'zero', 'arrival_time': 'Afternoon', 'destination_city': 'Chennai', 'class': 'Economy', 'duration': '1', 'days_left': '24', 'price': '1925', 'departure_date': '2026-02-20 00:04', 'flight_id': 3}
2026-02-19 22:31:52,332 - __main__ - INFO - Normalized batch to departure_date=2026-02-20 01:10, 
2026-02-19 22:31:52,332 - __main__ - INFO - Published message to Kafka topic 'rts_flights_topic': {'index': '66716', 'airline': 'GO_FIRST', 'flight': 'G8-322', 'source_city': 'Mumbai', 'departure_time': 'Night', 'stops': 'one', 'arrival_time': 'Early_Morning', 'destination_city': 'Kolkata', 'class': 'Economy', 'duration': '10.75', 'days_left': '30', 'price': '5817', 'departure_date': '2026-02-20 01:10', 'flight_id': 4}
2026-02-19 22:31:52,332 - __main__ - INFO - Normalized batch to departure_date=2026-02-20 00:03, 
2026-02-19 22:31:52,333 - __main__ - INFO - Published message to Kafka topic 'rts_flights_topic': {'index': '50254', 'airline': 'Air_India', 'flight': 'AI-651', 'source_city': 'Mumbai', 'departure_time': 'Morning', 'stops': 'one', 'arrival_time': 'Night', 'destination_city': 'Delhi', 'class': 'Economy', 'duration': '11', 'days_left': '37', 'price': '5840', 'departure_date': '2026-02-20 00:03', 'flight_id': 5}
2026-02-19 22:31:52,333 - __main__ - INFO - Normalized batch to departure_date=2026-02-20 00:54, 
2026-02-19 22:31:52,333 - __main__ - INFO - Published message to Kafka topic 'rts_flights_topic': {'index': '286935', 'airline': 'Vistara', 'flight': 'UK-890', 'source_city': 'Hyderabad', 'departure_time': 'Evening', 'stops': 'one', 'arrival_time': 'Morning', 'destination_city': 'Chennai', 'class': 'Business', 'duration': '16.25', 'days_left': '35', 'price': '58282', 'departure_date': '2026-02-20 00:54', 'flight_id': 6}
2026-02-19 22:31:52,334 - __main__ - INFO - Normalized batch to departure_date=2026-02-19 23:55, 
2026-02-19 22:31:52,334 - __main__ - INFO - Published message to Kafka topic 'rts_flights_topic': {'index': '263551', 'airline': 'Air_India', 'flight': 'AI-526', 'source_city': 'Kolkata', 'departure_time': 'Evening', 'stops': 'one', 'arrival_time': 'Night', 'destination_city': 'Delhi', 'class': 'Business', 'duration': '28', 'days_left': '42', 'price': '43910', 'departure_date': '2026-02-19 23:55', 'flight_id': 7}
2026-02-19 22:31:52,334 - __main__ - INFO - Normalized batch to departure_date=2026-02-19 23:41, 
2026-02-19 22:31:52,334 - __main__ - INFO - Published message to Kafka topic 'rts_flights_topic': {'index': '197965', 'airline': 'Indigo', 'flight': '6E-6137', 'source_city': 'Chennai', 'departure_time': 'Morning', 'stops': 'one', 'arrival_time': 'Night', 'destination_city': 'Kolkata', 'class': 'Economy', 'duration': '11.67', 'days_left': '4', 'price': '8035', 'departure_date': '2026-02-19 23:41', 'flight_id': 8}
2026-02-19 22:31:52,334 - __main__ - INFO - Normalized batch to departure_date=2026-02-20 01:11, 
2026-02-19 22:31:52,335 - __main__ - INFO - Published message to Kafka topic 'rts_flights_topic': {'index': '47600', 'airline': 'Vistara', 'flight': 'UK-910', 'source_city': 'Mumbai', 'departure_time': 'Evening', 'stops': 'zero', 'arrival_time': 'Evening', 'destination_city': 'Delhi', 'class': 'Economy', 'duration': '2.17', 'days_left': '25', 'price': '3024', 'departure_date': '2026-02-20 01:11', 'flight_id': 9}
2026-02-19 22:31:52,335 - __main__ - INFO - Normalized batch to departure_date=2026-02-20 01:03, 
2026-02-19 22:31:52,335 - __main__ - INFO - Published message to Kafka topic 'rts_flights_topic': {'index': '118226', 'airline': 'Vistara', 'flight': 'UK-852', 'source_city': 'Bangalore', 'departure_time': 'Morning', 'stops': 'one', 'arrival_time': 'Night', 'destination_city': 'Chennai', 'class': 'Economy', 'duration': '10.75', 'days_left': '33', 'price': '6120', 'departure_date': '2026-02-20 01:03', 'flight_id': 10}
2026-02-19 22:53:11,915 - __main__ - INFO - **********Starting flights stubs**********
2026-02-19 22:53:11,915 - __main__ - INFO - Loading payloads from /home/daddy/apps/virt/k8s/apps/data_combo_service/data/biz/flights.csv
2026-02-19 22:53:12,545 - __main__ - INFO - Loaded 300102 rows
2026-02-19 22:53:12,545 - __main__ - INFO - Selecting 10 random rows
2026-02-19 22:53:12,545 - __main__ - INFO - Normalized batch to departure_date=2026-02-20 00:52, 
2026-02-19 22:53:12,564 - __main__ - INFO - Published message to Kafka topic 'rts_flights_topic': {'index': '231253', 'airline': 'Vistara', 'flight': 'UK-958', 'source_city': 'Mumbai', 'departure_time': 'Afternoon', 'stops': 'one', 'arrival_time': 'Evening', 'destination_city': 'Bangalore', 'class': 'Business', 'duration': '6.42', 'days_left': '16', 'price': '62560', 'departure_date': '2026-02-20 00:52', 'flight_id': 1}
2026-02-19 22:53:12,564 - __main__ - INFO - Normalized batch to departure_date=2026-02-20 01:09, 
2026-02-19 22:53:12,565 - __main__ - INFO - Published message to Kafka topic 'rts_flights_topic': {'index': '16265', 'airline': 'Vistara', 'flight': 'UK-953', 'source_city': 'Delhi', 'departure_time': 'Night', 'stops': 'one', 'arrival_time': 'Morning', 'destination_city': 'Bangalore', 'class': 'Economy', 'duration': '12.17', 'days_left': '32', 'price': '4272', 'departure_date': '2026-02-20 01:09', 'flight_id': 2}
2026-02-19 22:53:12,565 - __main__ - INFO - Normalized batch to departure_date=2026-02-20 00:28, 
2026-02-19 22:53:12,566 - __main__ - INFO - Published message to Kafka topic 'rts_flights_topic': {'index': '248208', 'airline': 'Air_India', 'flight': 'AI-640', 'source_city': 'Bangalore', 'departure_time': 'Early_Morning', 'stops': 'one', 'arrival_time': 'Night', 'destination_city': 'Delhi', 'class': 'Business', 'duration': '14.5', 'days_left': '44', 'price': '42521', 'departure_date': '2026-02-20 00:28', 'flight_id': 3}
2026-02-19 22:53:12,566 - __main__ - INFO - Normalized batch to departure_date=2026-02-20 00:54, 
2026-02-19 22:53:12,567 - __main__ - INFO - Published message to Kafka topic 'rts_flights_topic': {'index': '256382', 'airline': 'Vistara', 'flight': 'UK-850', 'source_city': 'Bangalore', 'departure_time': 'Evening', 'stops': 'one', 'arrival_time': 'Afternoon', 'destination_city': 'Hyderabad', 'class': 'Business', 'duration': '16.33', 'days_left': '9', 'price': '37985', 'departure_date': '2026-02-20 00:54', 'flight_id': 4}
2026-02-19 22:53:12,567 - __main__ - INFO - Normalized batch to departure_date=2026-02-20 01:11, 
2026-02-19 22:53:12,567 - __main__ - INFO - Published message to Kafka topic 'rts_flights_topic': {'index': '85023', 'airline': 'GO_FIRST', 'flight': 'G8-320', 'source_city': 'Bangalore', 'departure_time': 'Evening', 'stops': 'one', 'arrival_time': 'Morning', 'destination_city': 'Delhi', 'class': 'Economy', 'duration': '14.17', 'days_left': '7', 'price': '7487', 'departure_date': '2026-02-20 01:11', 'flight_id': 5}
2026-02-19 22:53:12,567 - __main__ - INFO - Normalized batch to departure_date=2026-02-20 01:40, 
2026-02-19 22:53:12,568 - __main__ - INFO - Published message to Kafka topic 'rts_flights_topic': {'index': '112651', 'airline': 'Indigo', 'flight': '6E-841', 'source_city': 'Bangalore', 'departure_time': 'Afternoon', 'stops': 'one', 'arrival_time': 'Night', 'destination_city': 'Hyderabad', 'class': 'Economy', 'duration': '6.08', 'days_left': '27', 'price': '2767', 'departure_date': '2026-02-20 01:40', 'flight_id': 6}
2026-02-19 22:53:12,568 - __main__ - INFO - Normalized batch to departure_date=2026-02-20 01:39, 
2026-02-19 22:53:12,568 - __main__ - INFO - Published message to Kafka topic 'rts_flights_topic': {'index': '139815', 'airline': 'GO_FIRST', 'flight': 'G8-101', 'source_city': 'Kolkata', 'departure_time': 'Morning', 'stops': 'one', 'arrival_time': 'Evening', 'destination_city': 'Bangalore', 'class': 'Economy', 'duration': '7.83', 'days_left': '31', 'price': '12366', 'departure_date': '2026-02-20 01:39', 'flight_id': 7}
2026-02-19 22:53:12,568 - __main__ - INFO - Normalized batch to departure_date=2026-02-19 23:56, 
2026-02-19 22:53:12,569 - __main__ - INFO - Published message to Kafka topic 'rts_flights_topic': {'index': '205046', 'airline': 'Vistara', 'flight': 'UK-838', 'source_city': 'Chennai', 'departure_time': 'Night', 'stops': 'one', 'arrival_time': 'Evening', 'destination_city': 'Hyderabad', 'class': 'Economy', 'duration': '22.83', 'days_left': '31', 'price': '4086', 'departure_date': '2026-02-19 23:56', 'flight_id': 8}
2026-02-19 22:53:12,569 - __main__ - INFO - Normalized batch to departure_date=2026-02-20 00:22, 
2026-02-19 22:53:12,569 - __main__ - INFO - Published message to Kafka topic 'rts_flights_topic': {'index': '57549', 'airline': 'Indigo', 'flight': '6E-354', 'source_city': 'Mumbai', 'departure_time': 'Afternoon', 'stops': 'one', 'arrival_time': 'Evening', 'destination_city': 'Bangalore', 'class': 'Economy', 'duration': '5.75', 'days_left': '28', 'price': '4056', 'departure_date': '2026-02-20 00:22', 'flight_id': 9}
2026-02-19 22:53:12,569 - __main__ - INFO - Normalized batch to departure_date=2026-02-20 01:02, 
2026-02-19 22:53:12,570 - __main__ - INFO - Published message to Kafka topic 'rts_flights_topic': {'index': '126236', 'airline': 'Indigo', 'flight': '6.00E-135', 'source_city': 'Kolkata', 'departure_time': 'Morning', 'stops': 'one', 'arrival_time': 'Evening', 'destination_city': 'Delhi', 'class': 'Economy', 'duration': '7.33', 'days_left': '42', 'price': '4439', 'departure_date': '2026-02-20 01:02', 'flight_id': 10}
2026-02-19 22:54:46,935 - __main__ - INFO - **********Starting flights stubs**********
2026-02-19 22:54:46,935 - __main__ - INFO - Loading payloads from /home/daddy/apps/virt/k8s/apps/data_combo_service/data/biz/flights.csv
2026-02-19 22:54:47,592 - __main__ - INFO - Loaded 300102 rows
2026-02-19 22:54:47,592 - __main__ - INFO - Selecting 10 random rows
2026-02-19 22:54:47,592 - __main__ - INFO - Normalized batch to departure_date=2026-02-20 00:50, 
2026-02-19 22:54:47,604 - __main__ - INFO - Published message to Kafka topic 'rts_flights_topic': {'index': '179316', 'airline': 'Indigo', 'flight': '6E-6591', 'source_city': 'Hyderabad', 'departure_time': 'Afternoon', 'stops': 'one', 'arrival_time': 'Evening', 'destination_city': 'Chennai', 'class': 'Economy', 'duration': '5.08', 'days_left': '36', 'price': '5923', 'departure_date': '2026-02-20 00:50', 'flight_id': 1}
2026-02-19 22:54:47,604 - __main__ - INFO - Normalized batch to departure_date=2026-02-20 01:37, 
2026-02-19 22:54:47,605 - __main__ - INFO - Published message to Kafka topic 'rts_flights_topic': {'index': '163396', 'airline': 'GO_FIRST', 'flight': 'G8-426', 'source_city': 'Hyderabad', 'departure_time': 'Night', 'stops': 'one', 'arrival_time': 'Afternoon', 'destination_city': 'Mumbai', 'class': 'Economy', 'duration': '14.5', 'days_left': '35', 'price': '4165', 'departure_date': '2026-02-20 01:37', 'flight_id': 2}
2026-02-19 22:54:47,605 - __main__ - INFO - Normalized batch to departure_date=2026-02-20 00:07, 
2026-02-19 22:54:47,605 - __main__ - INFO - Published message to Kafka topic 'rts_flights_topic': {'index': '101296', 'airline': 'Vistara', 'flight': 'UK-808', 'source_city': 'Bangalore', 'departure_time': 'Early_Morning', 'stops': 'one', 'arrival_time': 'Night', 'destination_city': 'Mumbai', 'class': 'Economy', 'duration': '12.08', 'days_left': '41', 'price': '7212', 'departure_date': '2026-02-20 00:07', 'flight_id': 3}
2026-02-19 22:54:47,605 - __main__ - INFO - Normalized batch to departure_date=2026-02-20 00:42, 
2026-02-19 22:54:47,606 - __main__ - INFO - Published message to Kafka topic 'rts_flights_topic': {'index': '22416', 'airline': 'Air_India', 'flight': 'AI-868', 'source_city': 'Delhi', 'departure_time': 'Evening', 'stops': 'one', 'arrival_time': 'Morning', 'destination_city': 'Kolkata', 'class': 'Economy', 'duration': '14.83', 'days_left': '15', 'price': '5805', 'departure_date': '2026-02-20 00:42', 'flight_id': 4}
2026-02-19 22:54:47,606 - __main__ - INFO - Normalized batch to departure_date=2026-02-20 01:42, 
2026-02-19 22:54:47,606 - __main__ - INFO - Published message to Kafka topic 'rts_flights_topic': {'index': '191805', 'airline': 'Indigo', 'flight': '6E-929', 'source_city': 'Chennai', 'departure_time': 'Afternoon', 'stops': 'zero', 'arrival_time': 'Afternoon', 'destination_city': 'Mumbai', 'class': 'Economy', 'duration': '1.92', 'days_left': '34', 'price': '3000', 'departure_date': '2026-02-20 01:42', 'flight_id': 5}
2026-02-19 22:54:47,607 - __main__ - INFO - Normalized batch to departure_date=2026-02-20 01:52, 
2026-02-19 22:54:47,607 - __main__ - INFO - Published message to Kafka topic 'rts_flights_topic': {'index': '60820', 'airline': 'Vistara', 'flight': 'UK-845', 'source_city': 'Mumbai', 'departure_time': 'Early_Morning', 'stops': 'zero', 'arrival_time': 'Early_Morning', 'destination_city': 'Bangalore', 'class': 'Economy', 'duration': '1.83', 'days_left': '46', 'price': '2074', 'departure_date': '2026-02-20 01:52', 'flight_id': 6}
2026-02-19 22:54:47,607 - __main__ - INFO - Normalized batch to departure_date=2026-02-20 01:49, 
2026-02-19 22:54:47,608 - __main__ - INFO - Published message to Kafka topic 'rts_flights_topic': {'index': '219917', 'airline': 'Vistara', 'flight': 'UK-945', 'source_city': 'Delhi', 'departure_time': 'Morning', 'stops': 'one', 'arrival_time': 'Night', 'destination_city': 'Hyderabad', 'class': 'Business', 'duration': '9.25', 'days_left': '16', 'price': '46097', 'departure_date': '2026-02-20 01:49', 'flight_id': 7}
2026-02-19 22:54:47,608 - __main__ - INFO - Normalized batch to departure_date=2026-02-20 00:21, 
2026-02-19 22:54:47,608 - __main__ - INFO - Published message to Kafka topic 'rts_flights_topic': {'index': '256354', 'airline': 'Vistara', 'flight': 'UK-818', 'source_city': 'Bangalore', 'departure_time': 'Evening', 'stops': 'one', 'arrival_time': 'Evening', 'destination_city': 'Hyderabad', 'class': 'Business', 'duration': '21.33', 'days_left': '8', 'price': '56588', 'departure_date': '2026-02-20 00:21', 'flight_id': 8}
2026-02-19 22:54:47,608 - __main__ - INFO - Normalized batch to departure_date=2026-02-19 23:55, 
2026-02-19 22:54:47,609 - __main__ - INFO - Published message to Kafka topic 'rts_flights_topic': {'index': '127222', 'airline': 'Indigo', 'flight': '6E-6121', 'source_city': 'Kolkata', 'departure_time': 'Morning', 'stops': 'one', 'arrival_time': 'Afternoon', 'destination_city': 'Delhi', 'class': 'Economy', 'duration': '7', 'days_left': '48', 'price': '4052', 'departure_date': '2026-02-19 23:55', 'flight_id': 9}
2026-02-19 22:54:47,609 - __main__ - INFO - Normalized batch to departure_date=2026-02-20 01:35, 
2026-02-19 22:54:47,609 - __main__ - INFO - Published message to Kafka topic 'rts_flights_topic': {'index': '82025', 'airline': 'Air_India', 'flight': 'AI-809', 'source_city': 'Mumbai', 'departure_time': 'Morning', 'stops': 'one', 'arrival_time': 'Evening', 'destination_city': 'Chennai', 'class': 'Economy', 'duration': '9', 'days_left': '35', 'price': '4417', 'departure_date': '2026-02-20 01:35', 'flight_id': 10}
2026-02-19 22:59:44,734 - __main__ - INFO - **********Starting flights stubs**********
2026-02-19 22:59:44,734 - __main__ - INFO - Loading payloads from /home/daddy/apps/virt/k8s/apps/data_combo_service/data/biz/flights.csv
2026-02-19 22:59:45,375 - __main__ - INFO - Loaded 300102 rows
2026-02-19 22:59:45,375 - __main__ - INFO - Selecting 10 random rows
2026-02-19 22:59:45,375 - __main__ - INFO - Normalized batch to departure_date=2026-02-20 00:41, 
2026-02-19 22:59:45,390 - __main__ - INFO - Published message to Kafka topic 'rts_flights_topic': {'index': '279880', 'airline': 'Vistara', 'flight': 'UK-830', 'source_city': 'Hyderabad', 'departure_time': 'Morning', 'stops': 'one', 'arrival_time': 'Night', 'destination_city': 'Mumbai', 'class': 'Business', 'duration': '11.67', 'days_left': '42', 'price': '66155', 'departure_date': '2026-02-20 00:41', 'flight_id': 1}
2026-02-19 22:59:45,390 - __main__ - INFO - Normalized batch to departure_date=2026-02-20 01:23, 
2026-02-19 22:59:45,391 - __main__ - INFO - Published message to Kafka topic 'rts_flights_topic': {'index': '79968', 'airline': 'Vistara', 'flight': 'UK-970', 'source_city': 'Mumbai', 'departure_time': 'Morning', 'stops': 'one', 'arrival_time': 'Evening', 'destination_city': 'Chennai', 'class': 'Economy', 'duration': '7.58', 'days_left': '21', 'price': '4348', 'departure_date': '2026-02-20 01:23', 'flight_id': 2}
2026-02-19 22:59:45,391 - __main__ - INFO - Normalized batch to departure_date=2026-02-20 01:03, 
2026-02-19 22:59:45,391 - __main__ - INFO - Published message to Kafka topic 'rts_flights_topic': {'index': '224305', 'airline': 'Vistara', 'flight': 'UK-981', 'source_city': 'Delhi', 'departure_time': 'Night', 'stops': 'one', 'arrival_time': 'Evening', 'destination_city': 'Chennai', 'class': 'Business', 'duration': '22.25', 'days_left': '39', 'price': '65944', 'departure_date': '2026-02-20 01:03', 'flight_id': 3}
2026-02-19 22:59:45,391 - __main__ - INFO - Normalized batch to departure_date=2026-02-20 01:11, 
2026-02-19 22:59:45,392 - __main__ - INFO - Published message to Kafka topic 'rts_flights_topic': {'index': '75267', 'airline': 'Indigo', 'flight': '6E-6818', 'source_city': 'Mumbai', 'departure_time': 'Evening', 'stops': 'zero', 'arrival_time': 'Night', 'destination_city': 'Hyderabad', 'class': 'Economy', 'duration': '1.33', 'days_left': '36', 'price': '2901', 'departure_date': '2026-02-20 01:11', 'flight_id': 4}
2026-02-19 22:59:45,392 - __main__ - INFO - Normalized batch to departure_date=2026-02-20 01:20, 
2026-02-19 22:59:45,393 - __main__ - INFO - Published message to Kafka topic 'rts_flights_topic': {'index': '250987', 'airline': 'Vistara', 'flight': 'UK-808', 'source_city': 'Bangalore', 'departure_time': 'Early_Morning', 'stops': 'one', 'arrival_time': 'Night', 'destination_city': 'Mumbai', 'class': 'Business', 'duration': '12.08', 'days_left': '28', 'price': '69244', 'departure_date': '2026-02-20 01:20', 'flight_id': 5}
2026-02-19 22:59:45,393 - __main__ - INFO - Normalized batch to departure_date=2026-02-20 00:57, 
2026-02-19 22:59:45,393 - __main__ - INFO - Published message to Kafka topic 'rts_flights_topic': {'index': '159119', 'airline': 'Indigo', 'flight': '6E-5369', 'source_city': 'Hyderabad', 'departure_time': 'Evening', 'stops': 'zero', 'arrival_time': 'Evening', 'destination_city': 'Mumbai', 'class': 'Economy', 'duration': '1.5', 'days_left': '7', 'price': '4926', 'departure_date': '2026-02-20 00:57', 'flight_id': 6}
2026-02-19 22:59:45,393 - __main__ - INFO - Normalized batch to departure_date=2026-02-20 01:18, 
2026-02-19 22:59:45,394 - __main__ - INFO - Published message to Kafka topic 'rts_flights_topic': {'index': '299416', 'airline': 'Vistara', 'flight': 'UK-824', 'source_city': 'Chennai', 'departure_time': 'Night', 'stops': 'one', 'arrival_time': 'Early_Morning', 'destination_city': 'Hyderabad', 'class': 'Business', 'duration': '11.33', 'days_left': '34', 'price': '41064', 'departure_date': '2026-02-20 01:18', 'flight_id': 7}
2026-02-19 22:59:45,394 - __main__ - INFO - Normalized batch to departure_date=2026-02-20 00:34, 
2026-02-19 22:59:45,394 - __main__ - INFO - Published message to Kafka topic 'rts_flights_topic': {'index': '246750', 'airline': 'Vistara', 'flight': 'UK-864', 'source_city': 'Bangalore', 'departure_time': 'Evening', 'stops': 'one', 'arrival_time': 'Morning', 'destination_city': 'Delhi', 'class': 'Business', 'duration': '13.08', 'days_left': '26', 'price': '42521', 'departure_date': '2026-02-20 00:34', 'flight_id': 8}
2026-02-19 22:59:45,394 - __main__ - INFO - Normalized batch to departure_date=2026-02-20 00:18, 
2026-02-19 22:59:45,395 - __main__ - INFO - Published message to Kafka topic 'rts_flights_topic': {'index': '259827', 'airline': 'Vistara', 'flight': 'UK-858', 'source_city': 'Bangalore', 'departure_time': 'Early_Morning', 'stops': 'one', 'arrival_time': 'Night', 'destination_city': 'Chennai', 'class': 'Business', 'duration': '16.42', 'days_left': '22', 'price': '44280', 'departure_date': '2026-02-20 00:18', 'flight_id': 9}
2026-02-19 22:59:45,395 - __main__ - INFO - Normalized batch to departure_date=2026-02-20 01:31, 
2026-02-19 22:59:45,395 - __main__ - INFO - Published message to Kafka topic 'rts_flights_topic': {'index': '37805', 'airline': 'Indigo', 'flight': '6E-2478', 'source_city': 'Delhi', 'departure_time': 'Night', 'stops': 'one', 'arrival_time': 'Early_Morning', 'destination_city': 'Chennai', 'class': 'Economy', 'duration': '6.5', 'days_left': '19', 'price': '2931', 'departure_date': '2026-02-20 01:31', 'flight_id': 10}
