2026-02-19 20:00:22,307 - __main__ - INFO - **********Starting passengers stubs**********
2026-02-19 20:00:22,307 - __main__ - INFO - Loading payloads from /home/daddy/apps/virt/k8s/apps/data_combo_service/data/biz/passengers.csv
2026-02-19 20:00:22,464 - __main__ - INFO - Loaded 98619 rows
2026-02-19 20:00:22,464 - __main__ - INFO - Selecting 300 random rows
2026-02-19 20:00:22,570 - __main__ - INFO - Published message to Kafka topic 'rts_passengers_topic': {'Passenger ID': 'c2xsWY', 'First Name': 'Phillipp', 'Last Name': 'Breadmore', 'Gender': 'Male', 'Age': '88', 'Nationality': 'Georgia', 'Country Name': 'French Polynesia', 'flight_id': 8}
2026-02-19 20:00:52,572 - __main__ - INFO - Published message to Kafka topic 'rts_passengers_topic': {'Passenger ID': 'eoImj3', 'First Name': 'Wilek', 'Last Name': 'Macken', 'Gender': 'Male', 'Age': '7', 'Nationality': 'Indonesia', 'Country Name': 'United States', 'flight_id': 3}
2026-02-19 20:01:22,575 - __main__ - INFO - Published message to Kafka topic 'rts_passengers_topic': {'Passenger ID': 'IiX5mK', 'First Name': 'Russ', 'Last Name': 'Screeton', 'Gender': 'Male', 'Age': '52', 'Nationality': 'Australia', 'Country Name': 'Australia', 'flight_id': 5}
2026-02-19 20:01:52,578 - __main__ - INFO - Published message to Kafka topic 'rts_passengers_topic': {'Passenger ID': '5F6Dqh', 'First Name': 'Jemmie', 'Last Name': 'Lambert', 'Gender': 'Female', 'Age': '52', 'Nationality': 'Russia', 'Country Name': 'Australia', 'flight_id': 5}
2026-02-19 20:02:22,581 - __main__ - INFO - Published message to Kafka topic 'rts_passengers_topic': {'Passenger ID': 'kru2hm', 'First Name': 'Thorn', 'Last Name': 'Uc', 'Gender': 'Male', 'Age': '1', 'Nationality': 'Kazakhstan', 'Country Name': 'Bahamas', 'flight_id': 5}
2026-02-19 20:02:52,582 - __main__ - INFO - Published message to Kafka topic 'rts_passengers_topic': {'Passenger ID': 'x6kx3C', 'First Name': 'Herman', 'Last Name': 'Niece', 'Gender': 'Male', 'Age': '17', 'Nationality': 'China', 'Country Name': 'Korea, Republic of', 'flight_id': 10}
2026-02-19 20:03:22,584 - __main__ - INFO - Published message to Kafka topic 'rts_passengers_topic': {'Passenger ID': '94VYSr', 'First Name': 'Mareah', 'Last Name': 'Axon', 'Gender': 'Female', 'Age': '56', 'Nationality': 'Portugal', 'Country Name': 'Ecuador', 'flight_id': 3}
2026-02-19 20:03:52,585 - __main__ - INFO - Published message to Kafka topic 'rts_passengers_topic': {'Passenger ID': '58LGMy', 'First Name': 'Leland', 'Last Name': 'Follet', 'Gender': 'Male', 'Age': '75', 'Nationality': 'France', 'Country Name': 'United States', 'flight_id': 4}
2026-02-19 20:04:22,588 - __main__ - INFO - Published message to Kafka topic 'rts_passengers_topic': {'Passenger ID': 'NL8m3W', 'First Name': 'Marlin', 'Last Name': 'Morican', 'Gender': 'Male', 'Age': '9', 'Nationality': 'Russia', 'Country Name': 'Canada', 'flight_id': 8}
2026-02-19 20:04:52,591 - __main__ - INFO - Published message to Kafka topic 'rts_passengers_topic': {'Passenger ID': 'UJhadD', 'First Name': 'Zared', 'Last Name': 'Potzold', 'Gender': 'Male', 'Age': '2', 'Nationality': 'Vietnam', 'Country Name': 'Australia', 'flight_id': 10}
2026-02-19 20:05:22,593 - __main__ - INFO - Published message to Kafka topic 'rts_passengers_topic': {'Passenger ID': 'ZR1ICe', 'First Name': 'Terrel', 'Last Name': 'Monteith', 'Gender': 'Male', 'Age': '78', 'Nationality': 'Brazil', 'Country Name': 'Mozambique', 'flight_id': 4}
2026-02-19 20:05:52,596 - __main__ - INFO - Published message to Kafka topic 'rts_passengers_topic': {'Passenger ID': '69bxQ8', 'First Name': 'Dita', 'Last Name': 'Bleasdille', 'Gender': 'Female', 'Age': '28', 'Nationality': 'Philippines', 'Country Name': 'Switzerland', 'flight_id': 10}
2026-02-19 20:06:22,599 - __main__ - INFO - Published message to Kafka topic 'rts_passengers_topic': {'Passenger ID': 'QuMcsX', 'First Name': 'Lazaro', 'Last Name': 'Spellicy', 'Gender': 'Male', 'Age': '8', 'Nationality': 'Canada', 'Country Name': 'Turks and Caicos Islands', 'flight_id': 2}
2026-02-19 20:06:52,601 - __main__ - INFO - Published message to Kafka topic 'rts_passengers_topic': {'Passenger ID': 'hTRwVs', 'First Name': 'Lorain', 'Last Name': 'Sime', 'Gender': 'Female', 'Age': '37', 'Nationality': 'China', 'Country Name': 'Brazil', 'flight_id': 8}
2026-02-19 20:07:22,603 - __main__ - INFO - Published message to Kafka topic 'rts_passengers_topic': {'Passenger ID': 'RdIHMY', 'First Name': 'Gawain', 'Last Name': 'Lockhart', 'Gender': 'Male', 'Age': '17', 'Nationality': 'Honduras', 'Country Name': 'Falkland Islands (Malvinas)', 'flight_id': 9}
2026-02-19 20:07:52,605 - __main__ - INFO - Published message to Kafka topic 'rts_passengers_topic': {'Passenger ID': 'MuLEkb', 'First Name': 'Consalve', 'Last Name': 'Tribbeck', 'Gender': 'Male', 'Age': '88', 'Nationality': 'Philippines', 'Country Name': 'United States', 'flight_id': 3}
2026-02-19 20:08:22,606 - __main__ - INFO - Published message to Kafka topic 'rts_passengers_topic': {'Passenger ID': 'wNQNrI', 'First Name': 'Norris', 'Last Name': 'Bader', 'Gender': 'Male', 'Age': '46', 'Nationality': 'Russia', 'Country Name': 'United States', 'flight_id': 6}
2026-02-19 20:08:52,609 - __main__ - INFO - Published message to Kafka topic 'rts_passengers_topic': {'Passenger ID': 'lZToDc', 'First Name': 'Alf', 'Last Name': 'Virr', 'Gender': 'Male', 'Age': '74', 'Nationality': 'Sri Lanka', 'Country Name': 'Papua New Guinea', 'flight_id': 3}
2026-02-19 20:09:22,612 - __main__ - INFO - Published message to Kafka topic 'rts_passengers_topic': {'Passenger ID': 'TAOmUk', 'First Name': 'Crichton', 'Last Name': 'Gleadhall', 'Gender': 'Male', 'Age': '28', 'Nationality': 'Bangladesh', 'Country Name': 'Canada', 'flight_id': 8}
2026-02-19 20:09:52,615 - __main__ - INFO - Published message to Kafka topic 'rts_passengers_topic': {'Passenger ID': 'sw7Auq', 'First Name': 'Ebba', 'Last Name': 'Thursby', 'Gender': 'Female', 'Age': '90', 'Nationality': 'Argentina', 'Country Name': 'Ethiopia', 'flight_id': 4}
2026-02-19 20:10:22,617 - __main__ - INFO - Published message to Kafka topic 'rts_passengers_topic': {'Passenger ID': 'C1KWzE', 'First Name': 'Eba', 'Last Name': 'Kliemann', 'Gender': 'Female', 'Age': '86', 'Nationality': 'United States', 'Country Name': 'Russian Federation', 'flight_id': 6}
2026-02-19 20:10:52,620 - __main__ - INFO - Published message to Kafka topic 'rts_passengers_topic': {'Passenger ID': 'YBsCJ7', 'First Name': 'Tiphany', 'Last Name': 'Suero', 'Gender': 'Female', 'Age': '5', 'Nationality': 'Sweden', 'Country Name': 'United States', 'flight_id': 8}
2026-02-19 20:11:22,623 - __main__ - INFO - Published message to Kafka topic 'rts_passengers_topic': {'Passenger ID': 'q32BrO', 'First Name': 'Iorgo', 'Last Name': 'Guild', 'Gender': 'Male', 'Age': '7', 'Nationality': 'France', 'Country Name': 'United States', 'flight_id': 5}
2026-02-19 20:11:52,625 - __main__ - INFO - Published message to Kafka topic 'rts_passengers_topic': {'Passenger ID': 'rfmZmO', 'First Name': 'Carroll', 'Last Name': 'Yearnsley', 'Gender': 'Male', 'Age': '34', 'Nationality': 'Brazil', 'Country Name': 'United States', 'flight_id': 1}
2026-02-19 20:12:22,628 - __main__ - INFO - Published message to Kafka topic 'rts_passengers_topic': {'Passenger ID': 'OVkcOi', 'First Name': 'Thor', 'Last Name': 'Doxey', 'Gender': 'Male', 'Age': '79', 'Nationality': 'China', 'Country Name': 'India', 'flight_id': 2}
2026-02-19 20:12:52,631 - __main__ - INFO - Published message to Kafka topic 'rts_passengers_topic': {'Passenger ID': 'NUImyy', 'First Name': 'Garrard', 'Last Name': 'Manoch', 'Gender': 'Male', 'Age': '34', 'Nationality': 'Russia', 'Country Name': 'Pakistan', 'flight_id': 3}
2026-02-19 20:13:22,633 - __main__ - INFO - Published message to Kafka topic 'rts_passengers_topic': {'Passenger ID': 'sbJz9t', 'First Name': 'Randal', 'Last Name': 'Winnister', 'Gender': 'Male', 'Age': '8', 'Nationality': 'Bangladesh', 'Country Name': 'China', 'flight_id': 10}
2026-02-19 20:13:52,636 - __main__ - INFO - Published message to Kafka topic 'rts_passengers_topic': {'Passenger ID': '3IlgB9', 'First Name': 'Kimbra', 'Last Name': 'Stillert', 'Gender': 'Female', 'Age': '35', 'Nationality': 'Brazil', 'Country Name': 'United States', 'flight_id': 5}
2026-02-19 20:14:22,639 - __main__ - INFO - Published message to Kafka topic 'rts_passengers_topic': {'Passenger ID': 'srscQW', 'First Name': 'Goddart', 'Last Name': 'Brothwood', 'Gender': 'Male', 'Age': '51', 'Nationality': 'China', 'Country Name': 'Solomon Islands', 'flight_id': 6}
2026-02-19 20:14:52,641 - __main__ - INFO - Published message to Kafka topic 'rts_passengers_topic': {'Passenger ID': '781dy4', 'First Name': 'Kingsley', 'Last Name': 'Tattersfield', 'Gender': 'Male', 'Age': '67', 'Nationality': 'Portugal', 'Country Name': 'United States', 'flight_id': 1}
2026-02-19 20:15:22,644 - __main__ - INFO - Published message to Kafka topic 'rts_passengers_topic': {'Passenger ID': '8QHBRP', 'First Name': 'Lucina', 'Last Name': 'Riccio', 'Gender': 'Female', 'Age': '11', 'Nationality': 'Poland', 'Country Name': 'Russian Federation', 'flight_id': 2}
2026-02-19 20:15:52,647 - __main__ - INFO - Published message to Kafka topic 'rts_passengers_topic': {'Passenger ID': 'ERnu8Q', 'First Name': 'Boycie', 'Last Name': 'Ascroft', 'Gender': 'Male', 'Age': '64', 'Nationality': 'Indonesia', 'Country Name': 'United States', 'flight_id': 4}
2026-02-19 20:16:22,649 - __main__ - INFO - Published message to Kafka topic 'rts_passengers_topic': {'Passenger ID': 'DV1xGO', 'First Name': 'Skippie', 'Last Name': 'Stithe', 'Gender': 'Male', 'Age': '14', 'Nationality': 'Argentina', 'Country Name': 'Brazil', 'flight_id': 8}
2026-02-19 20:16:52,651 - __main__ - INFO - Published message to Kafka topic 'rts_passengers_topic': {'Passenger ID': 'UkIIv0', 'First Name': 'Emmet', 'Last Name': 'Dalling', 'Gender': 'Male', 'Age': '56', 'Nationality': 'Indonesia', 'Country Name': 'Mexico', 'flight_id': 1}
2026-02-19 20:17:22,663 - __main__ - INFO - Published message to Kafka topic 'rts_passengers_topic': {'Passenger ID': 'KWhhWa', 'First Name': 'Shepard', 'Last Name': 'Duester', 'Gender': 'Male', 'Age': '40', 'Nationality': 'Vietnam', 'Country Name': 'Mozambique', 'flight_id': 4}
2026-02-19 20:17:52,666 - __main__ - INFO - Published message to Kafka topic 'rts_passengers_topic': {'Passenger ID': 'AEAIGu', 'First Name': 'Eberto', 'Last Name': 'Havesides', 'Gender': 'Male', 'Age': '57', 'Nationality': 'China', 'Country Name': 'New Zealand', 'flight_id': 4}
2026-02-19 20:18:22,668 - __main__ - INFO - Published message to Kafka topic 'rts_passengers_topic': {'Passenger ID': 'uqxrVL', 'First Name': 'Paulita', 'Last Name': 'Roberson', 'Gender': 'Female', 'Age': '79', 'Nationality': 'China', 'Country Name': 'Canada', 'flight_id': 2}
2026-02-19 20:18:52,671 - __main__ - INFO - Published message to Kafka topic 'rts_passengers_topic': {'Passenger ID': 'jmMYIV', 'First Name': 'Fabian', 'Last Name': 'Gladtbach', 'Gender': 'Male', 'Age': '75', 'Nationality': 'Greece', 'Country Name': 'United States', 'flight_id': 6}
2026-02-19 20:19:22,674 - __main__ - INFO - Published message to Kafka topic 'rts_passengers_topic': {'Passenger ID': 'I58h7E', 'First Name': 'Leda', 'Last Name': 'Tulley', 'Gender': 'Female', 'Age': '12', 'Nationality': 'China', 'Country Name': 'Liberia', 'flight_id': 10}
2026-02-19 20:19:52,677 - __main__ - INFO - Published message to Kafka topic 'rts_passengers_topic': {'Passenger ID': 'JWxIjo', 'First Name': 'Christophorus', 'Last Name': 'Aviss', 'Gender': 'Male', 'Age': '84', 'Nationality': 'Indonesia', 'Country Name': 'Fiji', 'flight_id': 8}
2026-02-19 20:20:22,679 - __main__ - INFO - Published message to Kafka topic 'rts_passengers_topic': {'Passenger ID': 'NMeDVD', 'First Name': 'Horacio', 'Last Name': 'Rudeyeard', 'Gender': 'Male', 'Age': '28', 'Nationality': 'China', 'Country Name': 'Australia', 'flight_id': 6}
2026-02-19 20:20:52,682 - __main__ - INFO - Published message to Kafka topic 'rts_passengers_topic': {'Passenger ID': 'BdaDCZ', 'First Name': 'Stephani', 'Last Name': 'Deguara', 'Gender': 'Female', 'Age': '85', 'Nationality': 'Philippines', 'Country Name': 'Madagascar', 'flight_id': 2}
2026-02-19 20:21:22,684 - __main__ - INFO - Published message to Kafka topic 'rts_passengers_topic': {'Passenger ID': 'a5CrcE', 'First Name': 'Nanon', 'Last Name': 'Hestrop', 'Gender': 'Female', 'Age': '73', 'Nationality': 'Czech Republic', 'Country Name': 'Mexico', 'flight_id': 3}
2026-02-19 20:21:52,687 - __main__ - INFO - Published message to Kafka topic 'rts_passengers_topic': {'Passenger ID': 'oYzukq', 'First Name': 'Bowie', 'Last Name': 'Blyth', 'Gender': 'Male', 'Age': '8', 'Nationality': 'Russia', 'Country Name': 'United States', 'flight_id': 10}
2026-02-19 20:22:22,690 - __main__ - INFO - Published message to Kafka topic 'rts_passengers_topic': {'Passenger ID': 'tl1Sr7', 'First Name': 'Irvin', 'Last Name': 'Browne', 'Gender': 'Male', 'Age': '34', 'Nationality': 'North Korea', 'Country Name': 'United States', 'flight_id': 9}
2026-02-19 20:22:52,692 - __main__ - INFO - Published message to Kafka topic 'rts_passengers_topic': {'Passenger ID': 'YqZFDJ', 'First Name': 'Gilly', 'Last Name': 'Ashmole', 'Gender': 'Female', 'Age': '64', 'Nationality': 'Peru', 'Country Name': 'Algeria', 'flight_id': 10}
2026-02-19 20:23:22,695 - __main__ - INFO - Published message to Kafka topic 'rts_passengers_topic': {'Passenger ID': 'xa1Tg8', 'First Name': 'Estrellita', 'Last Name': 'Farrer', 'Gender': 'Female', 'Age': '18', 'Nationality': 'Dominican Republic', 'Country Name': 'Japan', 'flight_id': 4}
2026-02-19 20:23:52,698 - __main__ - INFO - Published message to Kafka topic 'rts_passengers_topic': {'Passenger ID': '8Abnus', 'First Name': 'Kelsi', 'Last Name': 'Skiplorne', 'Gender': 'Female', 'Age': '10', 'Nationality': 'Kenya', 'Country Name': 'Russian Federation', 'flight_id': 8}
2026-02-19 20:24:22,700 - __main__ - INFO - Published message to Kafka topic 'rts_passengers_topic': {'Passenger ID': 'PDposG', 'First Name': 'Terra', 'Last Name': 'Kolczynski', 'Gender': 'Female', 'Age': '14', 'Nationality': 'Indonesia', 'Country Name': 'China', 'flight_id': 1}
2026-02-19 20:24:52,703 - __main__ - INFO - Published message to Kafka topic 'rts_passengers_topic': {'Passenger ID': 'OqYADn', 'First Name': 'Arlan', 'Last Name': 'Plaide', 'Gender': 'Male', 'Age': '83', 'Nationality': 'Portugal', 'Country Name': 'Oman', 'flight_id': 2}
2026-02-19 20:25:22,705 - __main__ - INFO - Published message to Kafka topic 'rts_passengers_topic': {'Passenger ID': 'u82Sv9', 'First Name': 'Mathilda', 'Last Name': 'Thackston', 'Gender': 'Female', 'Age': '3', 'Nationality': 'Sweden', 'Country Name': 'United States', 'flight_id': 9}
2026-02-19 20:25:52,708 - __main__ - INFO - Published message to Kafka topic 'rts_passengers_topic': {'Passenger ID': 'iSFEQq', 'First Name': 'Glen', 'Last Name': 'Danes', 'Gender': 'Male', 'Age': '87', 'Nationality': 'Vietnam', 'Country Name': 'Canada', 'flight_id': 9}
2026-02-19 20:26:22,710 - __main__ - INFO - Published message to Kafka topic 'rts_passengers_topic': {'Passenger ID': 'Mkv9ON', 'First Name': 'Abelard', 'Last Name': 'Nassy', 'Gender': 'Male', 'Age': '72', 'Nationality': 'Albania', 'Country Name': 'Malaysia', 'flight_id': 6}
2026-02-19 20:26:52,713 - __main__ - INFO - Published message to Kafka topic 'rts_passengers_topic': {'Passenger ID': 'jRfZM5', 'First Name': 'Care', 'Last Name': 'Kearton', 'Gender': 'Male', 'Age': '4', 'Nationality': 'Kenya', 'Country Name': 'Papua New Guinea', 'flight_id': 9}
2026-02-19 20:27:22,716 - __main__ - INFO - Published message to Kafka topic 'rts_passengers_topic': {'Passenger ID': 'u52A32', 'First Name': 'Shaine', 'Last Name': 'Yearnes', 'Gender': 'Male', 'Age': '65', 'Nationality': 'East Timor', 'Country Name': 'Brazil', 'flight_id': 7}
2026-02-19 20:27:52,718 - __main__ - INFO - Published message to Kafka topic 'rts_passengers_topic': {'Passenger ID': 'ypP6me', 'First Name': 'Borg', 'Last Name': 'Wickardt', 'Gender': 'Male', 'Age': '28', 'Nationality': 'Ukraine', 'Country Name': 'Madagascar', 'flight_id': 6}
2026-02-19 20:28:22,720 - __main__ - INFO - Published message to Kafka topic 'rts_passengers_topic': {'Passenger ID': 'pDug6o', 'First Name': 'Katuscha', 'Last Name': 'MacFadyen', 'Gender': 'Female', 'Age': '78', 'Nationality': 'China', 'Country Name': 'Bangladesh', 'flight_id': 3}
2026-02-19 20:28:52,723 - __main__ - INFO - Published message to Kafka topic 'rts_passengers_topic': {'Passenger ID': 'ZEvwCU', 'First Name': 'Larry', 'Last Name': 'Georgeau', 'Gender': 'Male', 'Age': '2', 'Nationality': 'Ecuador', 'Country Name': 'Ireland', 'flight_id': 7}
2026-02-19 20:29:22,726 - __main__ - INFO - Published message to Kafka topic 'rts_passengers_topic': {'Passenger ID': 'mRHFZf', 'First Name': 'Hermione', 'Last Name': 'Beauchop', 'Gender': 'Female', 'Age': '89', 'Nationality': 'Albania', 'Country Name': 'Panama', 'flight_id': 8}
2026-02-19 20:29:52,728 - __main__ - INFO - Published message to Kafka topic 'rts_passengers_topic': {'Passenger ID': 'MFhsBu', 'First Name': 'Zabrina', 'Last Name': 'Finders', 'Gender': 'Female', 'Age': '89', 'Nationality': 'Kazakhstan', 'Country Name': 'China', 'flight_id': 2}
2026-02-19 20:30:22,731 - __main__ - INFO - Published message to Kafka topic 'rts_passengers_topic': {'Passenger ID': 'LTZ2Zi', 'First Name': 'Wright', 'Last Name': 'Johncey', 'Gender': 'Male', 'Age': '14', 'Nationality': 'China', 'Country Name': 'Timor-Leste', 'flight_id': 4}
2026-02-19 20:30:52,734 - __main__ - INFO - Published message to Kafka topic 'rts_passengers_topic': {'Passenger ID': 'seFeRd', 'First Name': 'Annora', 'Last Name': 'Arington', 'Gender': 'Female', 'Age': '61', 'Nationality': 'China', 'Country Name': 'Papua New Guinea', 'flight_id': 8}
2026-02-19 20:31:22,736 - __main__ - INFO - Published message to Kafka topic 'rts_passengers_topic': {'Passenger ID': 'SZuoDk', 'First Name': 'Pamella', 'Last Name': 'Atcock', 'Gender': 'Female', 'Age': '34', 'Nationality': 'Japan', 'Country Name': 'Kazakhstan', 'flight_id': 7}
2026-02-19 20:31:52,738 - __main__ - INFO - Published message to Kafka topic 'rts_passengers_topic': {'Passenger ID': 'fHHg6D', 'First Name': 'Jedediah', 'Last Name': 'Mennell', 'Gender': 'Male', 'Age': '78', 'Nationality': 'Russia', 'Country Name': 'Western Sahara', 'flight_id': 6}
2026-02-19 20:32:22,740 - __main__ - INFO - Published message to Kafka topic 'rts_passengers_topic': {'Passenger ID': 'YMvE1h', 'First Name': 'Carroll', 'Last Name': 'Epton', 'Gender': 'Male', 'Age': '77', 'Nationality': 'China', 'Country Name': 'Australia', 'flight_id': 7}
2026-02-19 20:32:52,743 - __main__ - INFO - Published message to Kafka topic 'rts_passengers_topic': {'Passenger ID': '04cb3C', 'First Name': 'Jaime', 'Last Name': 'Lowey', 'Gender': 'Female', 'Age': '7', 'Nationality': 'Indonesia', 'Country Name': 'Botswana', 'flight_id': 5}
2026-02-19 20:33:22,746 - __main__ - INFO - Published message to Kafka topic 'rts_passengers_topic': {'Passenger ID': 'QE6bHy', 'First Name': 'Quincy', 'Last Name': 'Managh', 'Gender': 'Male', 'Age': '86', 'Nationality': 'Russia', 'Country Name': 'United States', 'flight_id': 3}
2026-02-19 20:33:52,748 - __main__ - INFO - Published message to Kafka topic 'rts_passengers_topic': {'Passenger ID': 'FkTSpO', 'First Name': 'Reilly', 'Last Name': 'Eynon', 'Gender': 'Male', 'Age': '32', 'Nationality': 'Sweden', 'Country Name': 'Sweden', 'flight_id': 6}
2026-02-19 22:55:09,571 - __main__ - INFO - **********Starting passengers stubs**********
2026-02-19 22:55:09,571 - __main__ - INFO - Loading payloads from /home/daddy/apps/virt/k8s/apps/data_combo_service/data/biz/passengers.csv
2026-02-19 22:55:09,715 - __main__ - INFO - Loaded 98619 rows
2026-02-19 22:55:09,715 - __main__ - INFO - Selecting 300 random rows
2026-02-19 22:55:09,726 - __main__ - INFO - Published message to Kafka topic 'rts_passengers_topic': {'Passenger ID': 'w8Sxli', 'First Name': 'Carmine', 'Last Name': 'Millmore', 'Gender': 'Male', 'Age': '85', 'Nationality': 'Tanzania', 'Country Name': 'United States', 'flight_id': 9}
2026-02-19 22:55:39,729 - __main__ - INFO - Published message to Kafka topic 'rts_passengers_topic': {'Passenger ID': 'hBrs0S', 'First Name': 'Elbert', 'Last Name': 'Rochester', 'Gender': 'Male', 'Age': '44', 'Nationality': 'South Africa', 'Country Name': 'Panama', 'flight_id': 9}
2026-02-19 22:56:09,731 - __main__ - INFO - Published message to Kafka topic 'rts_passengers_topic': {'Passenger ID': 'I5Tf7j', 'First Name': 'Lothario', 'Last Name': 'Gladbach', 'Gender': 'Male', 'Age': '65', 'Nationality': 'Brazil', 'Country Name': 'United States', 'flight_id': 7}
2026-02-19 22:56:39,734 - __main__ - INFO - Published message to Kafka topic 'rts_passengers_topic': {'Passenger ID': 'ShC08T', 'First Name': 'Margo', 'Last Name': 'Langelay', 'Gender': 'Female', 'Age': '66', 'Nationality': 'Indonesia', 'Country Name': 'United States', 'flight_id': 6}
2026-02-19 22:57:09,736 - __main__ - INFO - Published message to Kafka topic 'rts_passengers_topic': {'Passenger ID': '6LWCb3', 'First Name': 'Johanna', 'Last Name': 'Lardeur', 'Gender': 'Female', 'Age': '64', 'Nationality': 'Indonesia', 'Country Name': 'Djibouti', 'flight_id': 7}
2026-02-19 22:57:39,739 - __main__ - INFO - Published message to Kafka topic 'rts_passengers_topic': {'Passenger ID': '3YNIR4', 'First Name': 'Natassia', 'Last Name': 'Nurny', 'Gender': 'Female', 'Age': '31', 'Nationality': 'Kazakhstan', 'Country Name': 'United States', 'flight_id': 2}
2026-02-19 22:58:09,741 - __main__ - INFO - Published message to Kafka topic 'rts_passengers_topic': {'Passenger ID': 'owEX4e', 'First Name': 'Aundrea', 'Last Name': 'Halgarth', 'Gender': 'Female', 'Age': '56', 'Nationality': 'Philippines', 'Country Name': 'United States', 'flight_id': 10}
2026-02-19 22:58:39,743 - __main__ - INFO - Published message to Kafka topic 'rts_passengers_topic': {'Passenger ID': '9yDOF7', 'First Name': 'Whitman', 'Last Name': 'Klimochkin', 'Gender': 'Male', 'Age': '53', 'Nationality': 'Croatia', 'Country Name': 'Algeria', 'flight_id': 3}
2026-02-19 22:59:09,745 - __main__ - INFO - Published message to Kafka topic 'rts_passengers_topic': {'Passenger ID': 'S6OIJT', 'First Name': 'Alysa', 'Last Name': 'Geffcock', 'Gender': 'Female', 'Age': '15', 'Nationality': 'Finland', 'Country Name': 'Brazil', 'flight_id': 8}
2026-02-19 22:59:39,747 - __main__ - INFO - Published message to Kafka topic 'rts_passengers_topic': {'Passenger ID': 'uXLNmf', 'First Name': 'Rosabella', 'Last Name': 'Troak', 'Gender': 'Female', 'Age': '72', 'Nationality': 'Mexico', 'Country Name': 'Honduras', 'flight_id': 9}
2026-02-19 23:00:09,750 - __main__ - INFO - Published message to Kafka topic 'rts_passengers_topic': {'Passenger ID': '7HO9vt', 'First Name': 'Brew', 'Last Name': 'Dunmore', 'Gender': 'Male', 'Age': '73', 'Nationality': 'Palestinian Territory', 'Country Name': 'Lesotho', 'flight_id': 3}
2026-02-19 23:00:39,752 - __main__ - INFO - Published message to Kafka topic 'rts_passengers_topic': {'Passenger ID': 'vUe1Pg', 'First Name': 'Lazar', 'Last Name': 'Goodday', 'Gender': 'Male', 'Age': '31', 'Nationality': 'Philippines', 'Country Name': 'Papua New Guinea', 'flight_id': 8}
2026-02-19 23:01:09,754 - __main__ - INFO - Published message to Kafka topic 'rts_passengers_topic': {'Passenger ID': 'Imz6os', 'First Name': 'Jonas', 'Last Name': 'Spykings', 'Gender': 'Male', 'Age': '32', 'Nationality': 'China', 'Country Name': 'United States', 'flight_id': 4}
2026-02-19 23:01:39,756 - __main__ - INFO - Published message to Kafka topic 'rts_passengers_topic': {'Passenger ID': 'WRxSAV', 'First Name': 'Steffie', 'Last Name': 'Trill', 'Gender': 'Female', 'Age': '9', 'Nationality': 'Philippines', 'Country Name': 'Mexico', 'flight_id': 10}
2026-02-19 23:02:09,759 - __main__ - INFO - Published message to Kafka topic 'rts_passengers_topic': {'Passenger ID': 'ddDzxO', 'First Name': 'Lorenza', 'Last Name': 'McGilvra', 'Gender': 'Female', 'Age': '46', 'Nationality': 'Bangladesh', 'Country Name': 'Papua New Guinea', 'flight_id': 6}
2026-02-19 23:02:39,761 - __main__ - INFO - Published message to Kafka topic 'rts_passengers_topic': {'Passenger ID': 'SqmxTN', 'First Name': 'Cary', 'Last Name': 'Pitman', 'Gender': 'Female', 'Age': '74', 'Nationality': 'China', 'Country Name': 'Mexico', 'flight_id': 4}
2026-02-19 23:03:09,764 - __main__ - INFO - Published message to Kafka topic 'rts_passengers_topic': {'Passenger ID': '3yAdsK', 'First Name': 'Shae', 'Last Name': 'Stannion', 'Gender': 'Male', 'Age': '54', 'Nationality': 'Bosnia and Herzegovina', 'Country Name': 'United States', 'flight_id': 9}
2026-02-19 23:03:39,766 - __main__ - INFO - Published message to Kafka topic 'rts_passengers_topic': {'Passenger ID': 'uI2SI1', 'First Name': 'Marcelline', 'Last Name': 'Halsted', 'Gender': 'Female', 'Age': '53', 'Nationality': 'Indonesia', 'Country Name': 'United States', 'flight_id': 6}
2026-02-19 23:04:09,769 - __main__ - INFO - Published message to Kafka topic 'rts_passengers_topic': {'Passenger ID': 'AP7Cfe', 'First Name': 'Cameron', 'Last Name': 'Vasyukhichev', 'Gender': 'Male', 'Age': '83', 'Nationality': 'Indonesia', 'Country Name': 'Mali', 'flight_id': 8}
2026-02-19 23:04:39,771 - __main__ - INFO - Published message to Kafka topic 'rts_passengers_topic': {'Passenger ID': 'c0FqRb', 'First Name': 'Hillery', 'Last Name': 'Duckhouse', 'Gender': 'Male', 'Age': '90', 'Nationality': 'China', 'Country Name': 'United States', 'flight_id': 6}
2026-02-19 23:05:09,773 - __main__ - INFO - Published message to Kafka topic 'rts_passengers_topic': {'Passenger ID': 'j3W3Dh', 'First Name': 'Granny', 'Last Name': 'Crevagh', 'Gender': 'Male', 'Age': '48', 'Nationality': 'Indonesia', 'Country Name': 'Kiribati', 'flight_id': 2}
2026-02-19 23:05:39,775 - __main__ - INFO - Published message to Kafka topic 'rts_passengers_topic': {'Passenger ID': 'vIpoOg', 'First Name': 'Lorettalorna', 'Last Name': 'Curnick', 'Gender': 'Female', 'Age': '36', 'Nationality': 'Argentina', 'Country Name': 'Australia', 'flight_id': 2}
2026-02-19 23:06:09,778 - __main__ - INFO - Published message to Kafka topic 'rts_passengers_topic': {'Passenger ID': 'FnnjvY', 'First Name': 'Di', 'Last Name': 'Sergent', 'Gender': 'Female', 'Age': '57', 'Nationality': 'Uzbekistan', 'Country Name': 'United States', 'flight_id': 6}
2026-02-19 23:06:39,780 - __main__ - INFO - Published message to Kafka topic 'rts_passengers_topic': {'Passenger ID': 'zGJDtA', 'First Name': 'Lou', 'Last Name': 'Binnell', 'Gender': 'Female', 'Age': '31', 'Nationality': 'Poland', 'Country Name': 'Sri Lanka', 'flight_id': 6}
2026-02-19 23:07:09,783 - __main__ - INFO - Published message to Kafka topic 'rts_passengers_topic': {'Passenger ID': 'hwq7UE', 'First Name': 'Arty', 'Last Name': 'Dennington', 'Gender': 'Male', 'Age': '50', 'Nationality': 'Japan', 'Country Name': 'United Kingdom', 'flight_id': 2}
2026-02-19 23:07:39,785 - __main__ - INFO - Published message to Kafka topic 'rts_passengers_topic': {'Passenger ID': 'nhV3ds', 'First Name': 'Remus', 'Last Name': 'Rodolf', 'Gender': 'Male', 'Age': '53', 'Nationality': 'United States', 'Country Name': 'Mexico', 'flight_id': 7}
2026-02-19 23:08:09,787 - __main__ - INFO - Published message to Kafka topic 'rts_passengers_topic': {'Passenger ID': 'RYuxVI', 'First Name': 'Dionysus', 'Last Name': 'Skehens', 'Gender': 'Male', 'Age': '7', 'Nationality': 'Russia', 'Country Name': 'United States', 'flight_id': 1}
2026-02-19 23:08:39,790 - __main__ - INFO - Published message to Kafka topic 'rts_passengers_topic': {'Passenger ID': 'SOZCLC', 'First Name': 'Vitoria', 'Last Name': 'Beden', 'Gender': 'Female', 'Age': '32', 'Nationality': 'Morocco', 'Country Name': 'Australia', 'flight_id': 9}
2026-02-19 23:09:09,792 - __main__ - INFO - Published message to Kafka topic 'rts_passengers_topic': {'Passenger ID': '9jKkbg', 'First Name': 'Karla', 'Last Name': 'Habbin', 'Gender': 'Female', 'Age': '30', 'Nationality': 'Brazil', 'Country Name': 'Botswana', 'flight_id': 7}
2026-02-19 23:09:39,795 - __main__ - INFO - Published message to Kafka topic 'rts_passengers_topic': {'Passenger ID': '5VgFMU', 'First Name': 'Zechariah', 'Last Name': 'McGrann', 'Gender': 'Male', 'Age': '63', 'Nationality': 'Colombia', 'Country Name': 'Canada', 'flight_id': 8}
2026-02-19 23:10:09,797 - __main__ - INFO - Published message to Kafka topic 'rts_passengers_topic': {'Passenger ID': 'pJ5XZh', 'First Name': 'Daren', 'Last Name': "O'Fearguise", 'Gender': 'Male', 'Age': '1', 'Nationality': 'China', 'Country Name': 'Botswana', 'flight_id': 10}
2026-02-19 23:10:39,800 - __main__ - INFO - Published message to Kafka topic 'rts_passengers_topic': {'Passenger ID': '9Hvklf', 'First Name': 'Melisent', 'Last Name': 'Pearcehouse', 'Gender': 'Female', 'Age': '28', 'Nationality': 'Panama', 'Country Name': 'South Sudan', 'flight_id': 4}
2026-02-19 23:11:09,802 - __main__ - INFO - Published message to Kafka topic 'rts_passengers_topic': {'Passenger ID': '2tWPpz', 'First Name': 'Edvard', 'Last Name': 'Dulson', 'Gender': 'Male', 'Age': '34', 'Nationality': 'Belarus', 'Country Name': 'Indonesia', 'flight_id': 8}
2026-02-19 23:11:39,805 - __main__ - INFO - Published message to Kafka topic 'rts_passengers_topic': {'Passenger ID': '9usiPP', 'First Name': 'Mariana', 'Last Name': 'Grandin', 'Gender': 'Female', 'Age': '50', 'Nationality': 'Mauritius', 'Country Name': 'Thailand', 'flight_id': 9}
2026-02-19 23:12:09,807 - __main__ - INFO - Published message to Kafka topic 'rts_passengers_topic': {'Passenger ID': '9elUt5', 'First Name': 'Garth', 'Last Name': 'Critch', 'Gender': 'Male', 'Age': '73', 'Nationality': 'China', 'Country Name': 'India', 'flight_id': 1}
2026-02-19 23:12:39,809 - __main__ - INFO - Published message to Kafka topic 'rts_passengers_topic': {'Passenger ID': '65QtcH', 'First Name': 'Hurley', 'Last Name': 'Blasli', 'Gender': 'Male', 'Age': '13', 'Nationality': 'Poland', 'Country Name': 'China', 'flight_id': 9}
2026-02-19 23:13:09,812 - __main__ - INFO - Published message to Kafka topic 'rts_passengers_topic': {'Passenger ID': 'kjwNcy', 'First Name': 'Shermy', 'Last Name': 'Gallandre', 'Gender': 'Male', 'Age': '42', 'Nationality': 'China', 'Country Name': 'United States', 'flight_id': 8}
2026-02-19 23:13:39,814 - __main__ - INFO - Published message to Kafka topic 'rts_passengers_topic': {'Passenger ID': 'OH5uLX', 'First Name': 'Damon', 'Last Name': 'Herrema', 'Gender': 'Male', 'Age': '61', 'Nationality': 'Russia', 'Country Name': 'Italy', 'flight_id': 4}
2026-02-19 23:14:09,815 - __main__ - INFO - Published message to Kafka topic 'rts_passengers_topic': {'Passenger ID': 'jf16kF', 'First Name': 'Karoly', 'Last Name': 'Barfitt', 'Gender': 'Male', 'Age': '82', 'Nationality': 'Portugal', 'Country Name': 'United States', 'flight_id': 10}
2026-02-19 23:14:39,818 - __main__ - INFO - Published message to Kafka topic 'rts_passengers_topic': {'Passenger ID': 'gBLUgR', 'First Name': 'Dory', 'Last Name': 'Story', 'Gender': 'Female', 'Age': '43', 'Nationality': 'Russia', 'Country Name': 'Indonesia', 'flight_id': 8}
2026-02-19 23:15:09,820 - __main__ - INFO - Published message to Kafka topic 'rts_passengers_topic': {'Passenger ID': 'CmK98R', 'First Name': 'Vasili', 'Last Name': 'Lynthal', 'Gender': 'Male', 'Age': '83', 'Nationality': 'Thailand', 'Country Name': 'Ethiopia', 'flight_id': 5}
2026-02-19 23:15:39,822 - __main__ - INFO - Published message to Kafka topic 'rts_passengers_topic': {'Passenger ID': 'd3Lm4A', 'First Name': 'Pen', 'Last Name': 'Bouttell', 'Gender': 'Male', 'Age': '73', 'Nationality': 'China', 'Country Name': 'Kenya', 'flight_id': 2}
2026-02-19 23:16:09,825 - __main__ - INFO - Published message to Kafka topic 'rts_passengers_topic': {'Passenger ID': '5HtoVp', 'First Name': 'Hedda', 'Last Name': 'Spurrior', 'Gender': 'Female', 'Age': '79', 'Nationality': 'United States', 'Country Name': 'Indonesia', 'flight_id': 8}
2026-02-19 23:16:39,827 - __main__ - INFO - Published message to Kafka topic 'rts_passengers_topic': {'Passenger ID': 'o4B9Ad', 'First Name': 'Shelagh', 'Last Name': 'Bleackley', 'Gender': 'Female', 'Age': '78', 'Nationality': 'United States', 'Country Name': 'United States', 'flight_id': 2}
2026-02-19 23:17:09,829 - __main__ - INFO - Published message to Kafka topic 'rts_passengers_topic': {'Passenger ID': 'VAIigH', 'First Name': 'Laurent', 'Last Name': 'MacGinley', 'Gender': 'Male', 'Age': '51', 'Nationality': 'China', 'Country Name': 'Canada', 'flight_id': 1}
2026-02-19 23:17:39,831 - __main__ - INFO - Published message to Kafka topic 'rts_passengers_topic': {'Passenger ID': '8Z6jHb', 'First Name': 'Lucilia', 'Last Name': 'MacElroy', 'Gender': 'Female', 'Age': '53', 'Nationality': 'Croatia', 'Country Name': 'Australia', 'flight_id': 2}
2026-02-19 23:18:09,834 - __main__ - INFO - Published message to Kafka topic 'rts_passengers_topic': {'Passenger ID': '9f57s9', 'First Name': 'Felipe', 'Last Name': 'Schwanden', 'Gender': 'Male', 'Age': '87', 'Nationality': 'Tunisia', 'Country Name': 'United States', 'flight_id': 9}
2026-02-19 23:18:39,836 - __main__ - INFO - Published message to Kafka topic 'rts_passengers_topic': {'Passenger ID': 'TAqAjl', 'First Name': 'Glynn', 'Last Name': 'Giraudel', 'Gender': 'Male', 'Age': '50', 'Nationality': 'China', 'Country Name': 'Western Sahara', 'flight_id': 9}
2026-02-19 23:19:09,838 - __main__ - INFO - Published message to Kafka topic 'rts_passengers_topic': {'Passenger ID': 'RmjJZK', 'First Name': 'Gibb', 'Last Name': 'Cyples', 'Gender': 'Male', 'Age': '27', 'Nationality': 'China', 'Country Name': 'Indonesia', 'flight_id': 7}
2026-02-19 23:19:39,841 - __main__ - INFO - Published message to Kafka topic 'rts_passengers_topic': {'Passenger ID': 'EMLnLh', 'First Name': 'Laurel', 'Last Name': 'Richichi', 'Gender': 'Female', 'Age': '49', 'Nationality': 'Russia', 'Country Name': 'United States', 'flight_id': 7}
2026-02-19 23:20:09,843 - __main__ - INFO - Published message to Kafka topic 'rts_passengers_topic': {'Passenger ID': '9oQu6P', 'First Name': 'Whittaker', 'Last Name': 'Haddinton', 'Gender': 'Male', 'Age': '64', 'Nationality': 'Canada', 'Country Name': 'United States', 'flight_id': 7}
2026-02-19 23:20:39,845 - __main__ - INFO - Published message to Kafka topic 'rts_passengers_topic': {'Passenger ID': 'cv1KLh', 'First Name': 'Bronny', 'Last Name': 'Paute', 'Gender': 'Male', 'Age': '60', 'Nationality': 'Philippines', 'Country Name': 'United States', 'flight_id': 9}
2026-02-19 23:21:09,847 - __main__ - INFO - Published message to Kafka topic 'rts_passengers_topic': {'Passenger ID': 'R1iZ6j', 'First Name': 'Chelsie', 'Last Name': 'Wooler', 'Gender': 'Female', 'Age': '9', 'Nationality': 'Nigeria', 'Country Name': 'Congo, The Democratic Republic of the', 'flight_id': 4}
2026-02-19 23:21:39,850 - __main__ - INFO - Published message to Kafka topic 'rts_passengers_topic': {'Passenger ID': '6U9TqY', 'First Name': 'Andrea', 'Last Name': 'Girling', 'Gender': 'Male', 'Age': '31', 'Nationality': 'Indonesia', 'Country Name': 'United States', 'flight_id': 10}
2026-02-19 23:22:09,852 - __main__ - INFO - Published message to Kafka topic 'rts_passengers_topic': {'Passenger ID': 'iOvXCk', 'First Name': 'Gaspar', 'Last Name': 'Boleyn', 'Gender': 'Male', 'Age': '38', 'Nationality': 'China', 'Country Name': 'Italy', 'flight_id': 7}
2026-02-19 23:22:39,854 - __main__ - INFO - Published message to Kafka topic 'rts_passengers_topic': {'Passenger ID': 'tquCZf', 'First Name': 'Jermain', 'Last Name': 'Mattessen', 'Gender': 'Male', 'Age': '48', 'Nationality': 'Ukraine', 'Country Name': 'Argentina', 'flight_id': 3}
2026-02-19 23:23:09,856 - __main__ - INFO - Published message to Kafka topic 'rts_passengers_topic': {'Passenger ID': '7EDaLD', 'First Name': 'Timmy', 'Last Name': 'De Launde', 'Gender': 'Male', 'Age': '75', 'Nationality': 'United States', 'Country Name': 'Norway', 'flight_id': 6}
